#
# A fatal error has been detected by the Java Runtime Environment:
#
#  SIGSEGV (0xb) at pc=0x00000001107a23d6, pid=2955, tid=0x0000000000014f07
#
# JRE version: OpenJDK Runtime Environment (8.0_242) (build 1.8.0_242-release-1644-b3-6915495)
# Java VM: OpenJDK 64-Bit Server VM (25.242-b3-6915495 mixed mode bsd-amd64 compressed oops)
# Problematic frame:
# 
[error occurred during error reporting (printing problematic frame), id 0xb]

# Failed to write core dump. Core dumps have been disabled. To enable core dumping, try "ulimit -c unlimited" before starting Java again
#
# If you would like to submit a bug report, please visit:
#   http://bugreport.java.com/bugreport/crash.jsp
#

---------------  T H R E A D  ---------------

Current thread (0x00007f90e421b000):  JavaThread "Daemon worker Thread 8" [_thread_in_Java, id=85767, stack(0x000070000f9f2000,0x000070000faf2000)]

siginfo: si_signo: 11 (SIGSEGV), si_code: 1 (SEGV_MAPERR), si_addr: 0x0000000100bc0416

Registers:
RAX=0x0000000110796ffd, RBX=0x000000010e4986a8, RCX=0x0000000000000003, RDX=0x0000000100bc0406
RSP=0x000070000faec2e0, RBP=0x000070000faec300, RSI=0x00000000f8084d3f, RDI=0x000000000076dd40
R8 =0x00000007a0f88538, R9 =0x00000007a0f88560, R10=0x0000000106832a80, R11=0x00000001114c4ac0
R12=0x0000000000000000, R13=0x000000010e498678, R14=0x000070000faec320, R15=0x00007f90e421b000
RIP=0x00000001107a23d6, EFLAGS=0x0000000000010246, ERR=0x0000000000000004
  TRAPNO=0x000000000000000e

Top of Stack: (sp=0x000070000faec2e0)
0x000070000faec2e0:   0000000000000000 000000010e4986a8
0x000070000faec2f0:   0000000000000000 000070000faec310
0x000070000faec300:   000070000faec378 0000000110796ffd
0x000070000faec310:   0000000000000000 00000007a0f88508
0x000070000faec320:   00000007a0f88590 00000007a0f88590
0x000070000faec330:   00000007a0f88538 000070000faec338
0x000070000faec340:   000000010e49724d 000070000faec390
0x000070000faec350:   000000010e4975d8 0000000000000000
0x000070000faec360:   000000010e4972b8 000070000faec310
0x000070000faec370:   000070000faec390 000070000faec3e0
0x000070000faec380:   0000000110796d80 00000007a0f88520
0x000070000faec390:   00000007a0f88508 00000007a0f880f8
0x000070000faec3a0:   000070000faec3a0 000000010e48c791
0x000070000faec3b0:   000070000faec4a8 000000010e491920
0x000070000faec3c0:   0000000000000000 000000010e48c930
0x000070000faec3d0:   000070000faec390 000070000faec3f0
0x000070000faec3e0:   000070000faec4f0 0000000110796ffd
0x000070000faec3f0:   00000007602c7e08 00000007a0d43a00
0x000070000faec400:   00000007a0e3b9a0 000000076041f970
0x000070000faec410:   00000007a0d36820 00000007a0f878a0
0x000070000faec420:   00000007a0f740e8 00000007602a3048
0x000070000faec430:   00000007a0f69eb0 0000000000000000
0x000070000faec440:   00000007a0d43450 00000007a0f73e38
0x000070000faec450:   00000007a0f6d188 00000007a0f868c8
0x000070000faec460:   00000007602c7df0 0000000760890f90
0x000070000faec470:   00000007a0f5ac38 00000007a0ea9e90
0x000070000faec480:   00000007a0f5ac00 00000007a0d42320
0x000070000faec490:   00000007a0f5ac48 00000007602a2aa8
0x000070000faec4a0:   00000007a0f87580 00000007a0f880f8
0x000070000faec4b0:   000070000faec4b0 000000010e49620c
0x000070000faec4c0:   000070000faec5b8 000000010e496360
0x000070000faec4d0:   0000000000000000 000000010e496220 

Instructions: (pc=0x00000001107a23d6)
0x00000001107a23b6:   6d 30 53 48 8b 53 10 48 85 d2 0f 84 07 00 00 00
0x00000001107a23c6:   48 81 c2 00 01 00 00 52 48 8b 53 08 48 8b 52 08
0x00000001107a23d6:   48 8b 52 10 52 41 56 41 55 68 00 00 00 00 48 89
0x00000001107a23e6:   24 24 41 c6 87 7d 02 00 00 01 48 8b 45 e0 48 85 

Register to memory mapping:

RAX=0x0000000110796ffd is at code_begin+2301 in an Interpreter codelet
invoke return entry points  [0x0000000110796700, 0x00000001107970e0]  2528 bytes
RBX={method} {0x000000010e4986a8} 
[error occurred during error reporting (printing register info), id 0xb]

Stack: [0x000070000f9f2000,0x000070000faf2000],  sp=0x000070000faec2e0,  free space=1000k
Native frames: (J=compiled Java code, j=interpreted, Vv=VM code, C=native code)

[error occurred during error reporting (printing native stack), id 0xb]


---------------  P R O C E S S  ---------------

Java Threads: ( => current thread )
  0x00007f90e2e60800 JavaThread "Cache worker for cache directory md-rule (/Users/enter/.gradle/caches/5.6.2/md-rule)" [_thread_blocked, id=21811, stack(0x000070001030d000,0x000070001040d000)]
  0x00007f90e3e92000 JavaThread "Cache worker for cache directory md-supplier (/Users/enter/.gradle/caches/5.6.2/md-supplier)" [_thread_blocked, id=29727, stack(0x000070001020a000,0x000070001030a000)]
  0x00007f90e64e9800 JavaThread "Cache worker for file hash cache (/Users/enter/Documents/FlutterProjects/datingappintro/android/.gradle/5.6.2/fileHashes)" [_thread_blocked, id=31007, stack(0x0000700010107000,0x0000700010207000)]
  0x00007f90e44e8000 JavaThread "Thread-180" [_thread_blocked, id=28963, stack(0x000070000fcfb000,0x000070000fdfb000)]
  0x00007f90e5a5d000 JavaThread "Stdin handler" [_thread_blocked, id=46111, stack(0x000070000fbf8000,0x000070000fcf8000)]
  0x00007f90e3910000 JavaThread "Asynchronous log dispatcher for DefaultDaemonConnection: socket connection from /0:0:0:0:0:0:0:1:50008 to /0:0:0:0:0:0:0:1:57559" [_thread_blocked, id=36639, stack(0x000070000faf5000,0x000070000fbf5000)]
=>0x00007f90e421b000 JavaThread "Daemon worker Thread 8" [_thread_in_Java, id=85767, stack(0x000070000f9f2000,0x000070000faf2000)]
  0x00007f90dd88c800 JavaThread "Cancel handler" [_thread_blocked, id=44807, stack(0x000070000f8ef000,0x000070000f9ef000)]
  0x00007f90e63aa000 JavaThread "Handler for socket connection from /0:0:0:0:0:0:0:1:50008 to /0:0:0:0:0:0:0:1:57559" [_thread_in_native, id=19739, stack(0x000070000f6e9000,0x000070000f7e9000)]
  0x00007f90e40fa800 JavaThread "Daemon Thread 8" [_thread_blocked, id=30235, stack(0x000070000f5e6000,0x000070000f6e6000)]
  0x00007f90ddf68800 JavaThread "Cache worker for Java compile cache (/Users/enter/.gradle/caches/5.6.2/javaCompile)" [_thread_blocked, id=85251, stack(0x0000700012779000,0x0000700012879000)]
  0x00007f90dde59000 JavaThread "RMI TCP Accept-0" daemon [_thread_in_native, id=45315, stack(0x0000700012470000,0x0000700012570000)]
  0x00007f90e41d2000 JavaThread "RMI Scheduler(0)" daemon [_thread_blocked, id=44039, stack(0x0000700012167000,0x0000700012267000)]
  0x00007f90e5a73800 JavaThread "process reaper" daemon [_thread_in_native, id=86531, stack(0x000070000ed76000,0x000070000ed9e000)]
  0x00007f90e6355800 JavaThread "Cache worker for file content cache (/Users/enter/.gradle/caches/5.6.2/fileContent)" [_thread_blocked, id=26627, stack(0x0000700010b25000,0x0000700010c25000)]
  0x00007f90e6bb3800 JavaThread "Memory manager" [_thread_blocked, id=39171, stack(0x0000700010a22000,0x0000700010b22000)]
  0x00007f90e652c800 JavaThread "Cache worker for execution history cache (/Users/enter/.gradle/caches/5.6.2/executionHistory)" [_thread_blocked, id=41219, stack(0x0000700010410000,0x0000700010510000)]
  0x00007f90df495000 JavaThread "Cache worker for journal cache (/Users/enter/.gradle/caches/journal-1)" [_thread_blocked, id=41987, stack(0x0000700010004000,0x0000700010104000)]
  0x00007f90deaeb800 JavaThread "File lock request listener" [_thread_in_native, id=25091, stack(0x000070000ff01000,0x0000700010001000)]
  0x00007f90df494000 JavaThread "Cache worker for file hash cache (/Users/enter/.gradle/caches/5.6.2/fileHashes)" [_thread_blocked, id=24579, stack(0x000070000fdfe000,0x000070000fefe000)]
  0x00007f90de578000 JavaThread "Daemon periodic checks" [_thread_blocked, id=22019, stack(0x000070000f7ec000,0x000070000f8ec000)]
  0x00007f90de896800 JavaThread "Incoming local TCP Connector on port 50008" [_thread_in_native, id=16387, stack(0x000070000f4e3000,0x000070000f5e3000)]
  0x00007f90df438800 JavaThread "Daemon health stats" [_thread_blocked, id=16911, stack(0x000070000f3e0000,0x000070000f4e0000)]
  0x00007f90de03d800 JavaThread "Service Thread" daemon [_thread_blocked, id=17667, stack(0x000070000f1da000,0x000070000f2da000)]
  0x00007f90df042800 JavaThread "C1 CompilerThread2" daemon [_thread_blocked, id=14851, stack(0x000070000f0d7000,0x000070000f1d7000)]
  0x00007f90df00b800 JavaThread "C2 CompilerThread1" daemon [_thread_blocked, id=18179, stack(0x000070000efd4000,0x000070000f0d4000)]
  0x00007f90df042000 JavaThread "C2 CompilerThread0" daemon [_thread_blocked, id=18691, stack(0x000070000eed1000,0x000070000efd1000)]
  0x00007f90de039800 JavaThread "Signal Dispatcher" daemon [_thread_blocked, id=18947, stack(0x000070000edce000,0x000070000eece000)]
  0x00007f90de813800 JavaThread "Finalizer" daemon [_thread_blocked, id=20739, stack(0x000070000eb42000,0x000070000ec42000)]
  0x00007f90de811000 JavaThread "Reference Handler" daemon [_thread_blocked, id=11267, stack(0x000070000ea3f000,0x000070000eb3f000)]
  0x00007f90de00e000 JavaThread "main" [_thread_blocked, id=3843, stack(0x000070000e42d000,0x000070000e52d000)]

Other Threads:
  0x00007f90de030800 VMThread [stack: 0x000070000e93c000,0x000070000ea3c000] [id=21507]
  0x00007f90dd80b800 WatcherThread [stack: 0x000070000f2dd000,0x000070000f3dd000] [id=17411]

VM state:not at safepoint (normal execution)

VM Mutex/Monitor currently owned by a thread: None

heap address: 0x0000000760000000, size: 1536 MB, Compressed Oops mode: Zero based, Oop shift amount: 3
Narrow klass base: 0x0000000000000000, Narrow klass shift: 3
Compressed class space size: 1073741824 Address: 0x00000007c0000000

Heap:
 PSYoungGen      total 376320K, used 16566K [0x00000007a0000000, 0x00000007baa80000, 0x00000007c0000000)
  eden space 315904K, 5% used [0x00000007a0000000,0x00000007a102d848,0x00000007b3480000)
  from space 60416K, 0% used [0x00000007b6f80000,0x00000007b6f80000,0x00000007baa80000)
  to   space 60416K, 0% used [0x00000007b3480000,0x00000007b3480000,0x00000007b6f80000)
 ParOldGen       total 276480K, used 44906K [0x0000000760000000, 0x0000000770e00000, 0x00000007a0000000)
  object space 276480K, 16% used [0x0000000760000000,0x0000000762bda9e8,0x0000000770e00000)
 Metaspace       used 93843K, capacity 98302K, committed 99220K, reserved 1134592K
  class space    used 12439K, capacity 13340K, committed 13500K, reserved 1048576K

Card table byte_map: [0x0000000106eb8000,0x00000001071b9000] byte_map_base: 0x00000001033b8000

Marking Bits: (ParMarkBitMap*) 0x00000001068273f8
 Begin Bits: [0x00000001071b9000, 0x00000001089b9000)
 End Bits:   [0x00000001089b9000, 0x000000010a1b9000)

Polling page: 0x00000001038fe000

CodeCache: size=245760Kb used=45159Kb max_used=45346Kb free=200600Kb
 bounds [0x000000011078f000, 0x000000011341f000, 0x000000011f78f000]
 total_blobs=15981 nmethods=15077 adapters=817
 compilation: enabled

Compilation events (10 events):
Event: 4949.756 Thread 0x00007f90df042800 18989       3       org.gradle.internal.action.DefaultConfigurableRules::computeCacheable (47 bytes)
Event: 4949.757 Thread 0x00007f90df042800 nmethod 18989 0x00000001129f2310 code [0x00000001129f24c0, 0x00000001129f2ac8]
Event: 4949.757 Thread 0x00007f90df042800 18987       3       org.gradle.internal.action.DefaultConfigurableRules::of (12 bytes)
Event: 4949.758 Thread 0x00007f90df042800 nmethod 18987 0x00000001132de750 code [0x00000001132de900, 0x00000001132dee38]
Event: 4949.758 Thread 0x00007f90df042800 18988       3       org.gradle.internal.action.DefaultConfigurableRules::<init> (21 bytes)
Event: 4949.758 Thread 0x00007f90df042800 nmethod 18988 0x0000000112e28350 code [0x0000000112e284e0, 0x0000000112e28738]
Event: 4949.758 Thread 0x00007f90df042800 18985   !   3       sun.reflect.GeneratedConstructorAccessor6::newInstance (61 bytes)
Event: 4949.762 Thread 0x00007f90df042800 nmethod 18985 0x0000000111a48650 code [0x0000000111a488a0, 0x0000000111a49588]
Event: 4949.762 Thread 0x00007f90df042800 18986   !   3       sun.reflect.GeneratedConstructorAccessor7::newInstance (61 bytes)
Event: 4949.764 Thread 0x00007f90df042800 nmethod 18986 0x0000000111a7a1d0 code [0x0000000111a7a420, 0x0000000111a7b108]

GC Heap History (10 events):
Event: 1740.627 GC heap before
{Heap before GC invocations=31 (full 4):
 PSYoungGen      total 310272K, used 276681K [0x00000007a0000000, 0x00000007b7680000, 0x00000007c0000000)
  eden space 254464K, 100% used [0x00000007a0000000,0x00000007af880000,0x00000007af880000)
  from space 55808K, 39% used [0x00000007b4000000,0x00000007b55b25a8,0x00000007b7680000)
  to   space 64512K, 0% used [0x00000007af880000,0x00000007af880000,0x00000007b3780000)
 ParOldGen       total 276480K, used 199748K [0x0000000760000000, 0x0000000770e00000, 0x00000007a0000000)
  object space 276480K, 72% used [0x0000000760000000,0x000000076c311380,0x0000000770e00000)
 Metaspace       used 93450K, capacity 97794K, committed 97812K, reserved 1134592K
  class space    used 12446K, capacity 13358K, committed 13372K, reserved 1048576K
Event: 1740.697 GC heap after
Heap after GC invocations=31 (full 4):
 PSYoungGen      total 318976K, used 4404K [0x00000007a0000000, 0x00000007b9b00000, 0x00000007c0000000)
  eden space 254464K, 0% used [0x00000007a0000000,0x00000007a0000000,0x00000007af880000)
  from space 64512K, 6% used [0x00000007af880000,0x00000007afccd240,0x00000007b3780000)
  to   space 64512K, 0% used [0x00000007b5c00000,0x00000007b5c00000,0x00000007b9b00000)
 ParOldGen       total 276480K, used 205132K [0x0000000760000000, 0x0000000770e00000, 0x00000007a0000000)
  object space 276480K, 74% used [0x0000000760000000,0x000000076c853388,0x0000000770e00000)
 Metaspace       used 93450K, capacity 97794K, committed 97812K, reserved 1134592K
  class space    used 12446K, capacity 13358K, committed 13372K, reserved 1048576K
}
Event: 2344.773 GC heap before
{Heap before GC invocations=32 (full 4):
 PSYoungGen      total 318976K, used 258868K [0x00000007a0000000, 0x00000007b9b00000, 0x00000007c0000000)
  eden space 254464K, 100% used [0x00000007a0000000,0x00000007af880000,0x00000007af880000)
  from space 64512K, 6% used [0x00000007af880000,0x00000007afccd240,0x00000007b3780000)
  to   space 64512K, 0% used [0x00000007b5c00000,0x00000007b5c00000,0x00000007b9b00000)
 ParOldGen       total 276480K, used 205132K [0x0000000760000000, 0x0000000770e00000, 0x00000007a0000000)
  object space 276480K, 74% used [0x0000000760000000,0x000000076c853388,0x0000000770e00000)
 Metaspace       used 93966K, capacity 98612K, committed 98708K, reserved 1134592K
  class space    used 12501K, capacity 13459K, committed 13500K, reserved 1048576K
Event: 2345.166 GC heap after
Heap after GC invocations=32 (full 4):
 PSYoungGen      total 342016K, used 6724K [0x00000007a0000000, 0x00000007b9280000, 0x00000007c0000000)
  eden space 286208K, 0% used [0x00000007a0000000,0x00000007a0000000,0x00000007b1780000)
  from space 55808K, 12% used [0x00000007b5c00000,0x00000007b6291250,0x00000007b9280000)
  to   space 62976K, 0% used [0x00000007b1780000,0x00000007b1780000,0x00000007b5500000)
 ParOldGen       total 276480K, used 205228K [0x0000000760000000, 0x0000000770e00000, 0x00000007a0000000)
  object space 276480K, 74% used [0x0000000760000000,0x000000076c86b388,0x0000000770e00000)
 Metaspace       used 93966K, capacity 98612K, committed 98708K, reserved 1134592K
  class space    used 12501K, capacity 13459K, committed 13500K, reserved 1048576K
}
Event: 3385.338 GC heap before
{Heap before GC invocations=33 (full 4):
 PSYoungGen      total 342016K, used 284963K [0x00000007a0000000, 0x00000007b9280000, 0x00000007c0000000)
  eden space 286208K, 97% used [0x00000007a0000000,0x00000007b0fb7aa8,0x00000007b1780000)
  from space 55808K, 12% used [0x00000007b5c00000,0x00000007b6291250,0x00000007b9280000)
  to   space 62976K, 0% used [0x00000007b1780000,0x00000007b1780000,0x00000007b5500000)
 ParOldGen       total 276480K, used 205228K [0x0000000760000000, 0x0000000770e00000, 0x00000007a0000000)
  object space 276480K, 74% used [0x0000000760000000,0x000000076c86b388,0x0000000770e00000)
 Metaspace       used 94191K, capacity 98872K, committed 98964K, reserved 1134592K
  class space    used 12502K, capacity 13459K, committed 13500K, reserved 1048576K
Event: 3385.512 GC heap after
Heap after GC invocations=33 (full 4):
 PSYoungGen      total 349184K, used 25863K [0x00000007a0000000, 0x00000007baa80000, 0x00000007c0000000)
  eden space 286208K, 0% used [0x00000007a0000000,0x00000007a0000000,0x00000007b1780000)
  from space 62976K, 41% used [0x00000007b1780000,0x00000007b30c1c58,0x00000007b5500000)
  to   space 60416K, 0% used [0x00000007b6f80000,0x00000007b6f80000,0x00000007baa80000)
 ParOldGen       total 276480K, used 205236K [0x0000000760000000, 0x0000000770e00000, 0x00000007a0000000)
  object space 276480K, 74% used [0x0000000760000000,0x000000076c86d388,0x0000000770e00000)
 Metaspace       used 94191K, capacity 98872K, committed 98964K, reserved 1134592K
  class space    used 12502K, capacity 13459K, committed 13500K, reserved 1048576K
}
Event: 3652.571 GC heap before
{Heap before GC invocations=34 (full 4):
 PSYoungGen      total 349184K, used 134039K [0x00000007a0000000, 0x00000007baa80000, 0x00000007c0000000)
  eden space 286208K, 37% used [0x00000007a0000000,0x00000007a69a41b8,0x00000007b1780000)
  from space 62976K, 41% used [0x00000007b1780000,0x00000007b30c1c58,0x00000007b5500000)
  to   space 60416K, 0% used [0x00000007b6f80000,0x00000007b6f80000,0x00000007baa80000)
 ParOldGen       total 276480K, used 205236K [0x0000000760000000, 0x0000000770e00000, 0x00000007a0000000)
  object space 276480K, 74% used [0x0000000760000000,0x000000076c86d388,0x0000000770e00000)
 Metaspace       used 94217K, capacity 98936K, committed 99220K, reserved 1134592K
  class space    used 12502K, capacity 13459K, committed 13500K, reserved 1048576K
Event: 3652.736 GC heap after
Heap after GC invocations=34 (full 4):
 PSYoungGen      total 376320K, used 596K [0x00000007a0000000, 0x00000007baa80000, 0x00000007c0000000)
  eden space 315904K, 0% used [0x00000007a0000000,0x00000007a0000000,0x00000007b3480000)
  from space 60416K, 0% used [0x00000007b6f80000,0x00000007b7015240,0x00000007baa80000)
  to   space 60416K, 0% used [0x00000007b3480000,0x00000007b3480000,0x00000007b6f80000)
 ParOldGen       total 276480K, used 205244K [0x0000000760000000, 0x0000000770e00000, 0x00000007a0000000)
  object space 276480K, 74% used [0x0000000760000000,0x000000076c86f388,0x0000000770e00000)
 Metaspace       used 94217K, capacity 98936K, committed 99220K, reserved 1134592K
  class space    used 12502K, capacity 13459K, committed 13500K, reserved 1048576K
}
Event: 3652.736 GC heap before
{Heap before GC invocations=35 (full 5):
 PSYoungGen      total 376320K, used 596K [0x00000007a0000000, 0x00000007baa80000, 0x00000007c0000000)
  eden space 315904K, 0% used [0x00000007a0000000,0x00000007a0000000,0x00000007b3480000)
  from space 60416K, 0% used [0x00000007b6f80000,0x00000007b7015240,0x00000007baa80000)
  to   space 60416K, 0% used [0x00000007b3480000,0x00000007b3480000,0x00000007b6f80000)
 ParOldGen       total 276480K, used 205244K [0x0000000760000000, 0x0000000770e00000, 0x00000007a0000000)
  object space 276480K, 74% used [0x0000000760000000,0x000000076c86f388,0x0000000770e00000)
 Metaspace       used 94217K, capacity 98936K, committed 99220K, reserved 1134592K
  class space    used 12502K, capacity 13459K, committed 13500K, reserved 1048576K
Event: 3660.122 GC heap after
Heap after GC invocations=35 (full 5):
 PSYoungGen      total 376320K, used 0K [0x00000007a0000000, 0x00000007baa80000, 0x00000007c0000000)
  eden space 315904K, 0% used [0x00000007a0000000,0x00000007a0000000,0x00000007b3480000)
  from space 60416K, 0% used [0x00000007b6f80000,0x00000007b6f80000,0x00000007baa80000)
  to   space 60416K, 0% used [0x00000007b3480000,0x00000007b3480000,0x00000007b6f80000)
 ParOldGen       total 276480K, used 44906K [0x0000000760000000, 0x0000000770e00000, 0x00000007a0000000)
  object space 276480K, 16% used [0x0000000760000000,0x0000000762bda9e8,0x0000000770e00000)
 Metaspace       used 93808K, capacity 98260K, committed 99220K, reserved 1134592K
  class space    used 12435K, capacity 13333K, committed 13500K, reserved 1048576K
}

Deoptimization events (10 events):
Event: 3382.738 Thread 0x00007f90e64e9800 Uncommon trap: reason=unstable_if action=reinterpret pc=0x0000000112c2d774 method=com.esotericsoftware.kryo.io.Output.writeVarLong(JZ)I @ 55
Event: 3390.185 Thread 0x00007f90e4307800 Uncommon trap: reason=predicate action=maybe_recompile pc=0x0000000111a3eca8 method=java.util.ComparableTimSort.binarySort([Ljava/lang/Object;III)V @ 37
Event: 3649.217 Thread 0x00007f90dd88c800 Uncommon trap: reason=bimorphic action=maybe_recompile pc=0x0000000110f47244 method=java.util.Hashtable.get(Ljava/lang/Object;)Ljava/lang/Object; @ 6
Event: 3649.225 Thread 0x00007f90dd88c800 Uncommon trap: reason=bimorphic action=maybe_recompile pc=0x0000000110f47244 method=java.util.Hashtable.get(Ljava/lang/Object;)Ljava/lang/Object; @ 6
Event: 3660.124 Thread 0x00007f90df438800 Uncommon trap: reason=unstable_if action=reinterpret pc=0x000000011333cdac method=org.gradle.launcher.daemon.server.health.gc.GarbageCollectionCheck.run()V @ 100
Event: 4540.934 Thread 0x00007f90e41d2000 Uncommon trap: reason=unstable_if action=reinterpret pc=0x0000000111368b5c method=java.util.concurrent.FutureTask.runAndReset()Z @ 119
Event: 4540.940 Thread 0x00007f90e41d2000 Uncommon trap: reason=unstable_if action=reinterpret pc=0x0000000112907c4c method=java.util.concurrent.ScheduledThreadPoolExecutor$DelayedWorkQueue.take()Ljava/util/concurrent/RunnableScheduledFuture; @ 17
Event: 4948.811 Thread 0x00007f90e421b000 Uncommon trap: reason=unstable_if action=reinterpret pc=0x00000001112acf20 method=java.lang.ref.SoftReference.get()Ljava/lang/Object; @ 6
Event: 4949.029 Thread 0x00007f90e421b000 Uncommon trap: reason=unstable_if action=reinterpret pc=0x00000001112796b8 method=java.lang.ref.SoftReference.get()Ljava/lang/Object; @ 6
Event: 4949.789 Thread 0x00007f90e421b000 Uncommon trap: reason=unstable_if action=reinterpret pc=0x0000000110d04c14 method=java.lang.ref.SoftReference.get()Ljava/lang/Object; @ 6

Classes redefined (0 events):
No events

Internal exceptions (10 events):
Event: 926.465 Thread 0x00007f90e38ec800 Exception <a 'java/io/FileNotFoundException'> (0x00000007ab1389d0) thrown at [/Volumes/Android/buildbot/src/googleplex-android/openjdk/out/hotspot/src/share/vm/prims/jni.cpp, line 710]
Event: 926.676 Thread 0x00007f90e47f6800 Exception <a 'java/lang/NoSuchMethodError': java.lang.Object.lambda$comparingByKey$bbdbfea9$1(Ljava/util/Map$Entry;Ljava/util/Map$Entry;)I> (0x00000007ab1eb968) thrown at [/Volumes/Android/buildbot/src/googleplex-android/openjdk/out/hotspot/src/share/vm/i
Event: 1741.769 Thread 0x00007f90e61ed800 Implicit null exception at 0x0000000112fb5064 to 0x0000000112fb8d21
Event: 1831.189 Thread 0x00007f90e61ed800 Exception <a 'java/io/FileNotFoundException'> (0x00000007a2b5a5c0) thrown at [/Volumes/Android/buildbot/src/googleplex-android/openjdk/out/hotspot/src/share/vm/prims/jni.cpp, line 710]
Event: 2346.203 Thread 0x00007f90e5b88000 Exception <a 'java/io/FileNotFoundException'> (0x00000007a0d2d668) thrown at [/Volumes/Android/buildbot/src/googleplex-android/openjdk/out/hotspot/src/share/vm/prims/jni.cpp, line 710]
Event: 3327.628 Thread 0x00007f90e421b000 Implicit null exception at 0x00000001132de7e6 to 0x00000001132deacd
Event: 3383.599 Thread 0x00007f90e451d000 Exception <a 'java/io/FileNotFoundException'> (0x00000007aea10938) thrown at [/Volumes/Android/buildbot/src/googleplex-android/openjdk/out/hotspot/src/share/vm/prims/jni.cpp, line 710]
Event: 4540.938 Thread 0x00007f90e41d2000 Implicit null exception at 0x00000001129066d2 to 0x0000000112907c2d
Event: 4948.811 Thread 0x00007f90e421b000 Implicit null exception at 0x00000001112acb5d to 0x00000001112acf05
Event: 4949.029 Thread 0x00007f90e421b000 Implicit null exception at 0x0000000111279461 to 0x00000001112796a1

Events (10 events):
Event: 4948.811 Thread 0x00007f90e421b000 DEOPT PACKING pc=0x00000001112acf20 sp=0x000070000faee090
Event: 4948.822 Thread 0x00007f90e421b000 DEOPT UNPACKING pc=0x00000001107d447a sp=0x000070000faedf90 mode 2
Event: 4949.029 Thread 0x00007f90e421b000 Uncommon trap: trap_request=0xffffff65 fr.pc=0x00000001112796b8
Event: 4949.029 Thread 0x00007f90e421b000 DEOPT PACKING pc=0x00000001112796b8 sp=0x000070000faed6f0
Event: 4949.029 Thread 0x00007f90e421b000 DEOPT UNPACKING pc=0x00000001107d447a sp=0x000070000faed650 mode 2
Event: 4949.789 Thread 0x00007f90e421b000 Uncommon trap: trap_request=0xffffff65 fr.pc=0x0000000110d04c14
Event: 4949.790 Thread 0x00007f90e421b000 DEOPT PACKING pc=0x0000000110d04c14 sp=0x000070000faee000
Event: 4949.790 Thread 0x00007f90e421b000 DEOPT UNPACKING pc=0x00000001107d447a sp=0x000070000faedfc0 mode 2
Event: 4949.868 Thread 0x00007f90e3e92000 Thread added: 0x00007f90e3e92000
Event: 4949.874 Thread 0x00007f90e2e60800 Thread added: 0x00007f90e2e60800


Dynamic libraries:
0x00007fff34fa9000 	/System/Library/Frameworks/Cocoa.framework/Versions/A/Cocoa
0x00007fff221ce000 	/System/Library/Frameworks/Security.framework/Versions/A/Security
0x00007fff331a6000 	/System/Library/Frameworks/ApplicationServices.framework/Versions/A/ApplicationServices
0x00007fff2a457000 	/usr/lib/libz.1.dylib
0x00007fff2a51f000 	/usr/lib/libSystem.B.dylib
0x00007fff20394000 	/System/Library/Frameworks/CoreFoundation.framework/Versions/A/CoreFoundation
0x00007fff21141000 	/System/Library/Frameworks/Foundation.framework/Versions/C/Foundation
0x00007fff201b4000 	/usr/lib/libobjc.A.dylib
0x00007fff22bf5000 	/System/Library/Frameworks/AppKit.framework/Versions/C/AppKit
0x00007fff25a8d000 	/System/Library/Frameworks/CoreData.framework/Versions/A/CoreData
0x00007fff23958000 	/System/Library/PrivateFrameworks/UIFoundation.framework/Versions/A/UIFoundation
0x00007fff2fb85000 	/System/Library/PrivateFrameworks/RemoteViewServices.framework/Versions/A/RemoteViewServices
0x00007fff2897e000 	/System/Library/PrivateFrameworks/XCTTargetBootstrap.framework/Versions/A/XCTTargetBootstrap
0x00007fff2b65f000 	/usr/lib/libspindump.dylib
0x00007fff23bad000 	/System/Library/Frameworks/UniformTypeIdentifiers.framework/Versions/A/UniformTypeIdentifiers
0x00007fff27154000 	/usr/lib/libapp_launch_measurement.dylib
0x00007fff27157000 	/System/Library/PrivateFrameworks/CoreAutoLayout.framework/Versions/A/CoreAutoLayout
0x00007fff282e0000 	/System/Library/Frameworks/Metal.framework/Versions/A/Metal
0x00007fff28fd0000 	/usr/lib/liblangid.dylib
0x00007fff28982000 	/System/Library/PrivateFrameworks/CoreSVG.framework/Versions/A/CoreSVG
0x00007fff24b94000 	/System/Library/PrivateFrameworks/SkyLight.framework/Versions/A/SkyLight
0x00007fff24efb000 	/System/Library/Frameworks/CoreGraphics.framework/Versions/A/CoreGraphics
0x00007fff301dc000 	/System/Library/Frameworks/Accelerate.framework/Versions/A/Accelerate
0x00007fff2b09a000 	/System/Library/PrivateFrameworks/IconServices.framework/Versions/A/IconServices
0x00007fff282c5000 	/System/Library/Frameworks/IOSurface.framework/Versions/A/IOSurface
0x00007fff26416000 	/usr/lib/libDiagnosticMessagesClient.dylib
0x00007fff2896a000 	/System/Library/PrivateFrameworks/DFRFoundation.framework/Versions/A/DFRFoundation
0x00007fff22520000 	/usr/lib/libicucore.A.dylib
0x00007fff2cba6000 	/System/Library/Frameworks/AudioToolbox.framework/Versions/A/AudioToolbox
0x00007fff2be4b000 	/System/Library/PrivateFrameworks/DataDetectorsCore.framework/Versions/A/DataDetectorsCore
0x00007fff2866a000 	/System/Library/Frameworks/Carbon.framework/Versions/A/Frameworks/HIToolbox.framework/Versions/A/HIToolbox
0x00007fff26baf000 	/System/Library/Frameworks/QuartzCore.framework/Versions/A/QuartzCore
0x00007fff2fbc1000 	/System/Library/Frameworks/Carbon.framework/Versions/A/Frameworks/SpeechRecognition.framework/Versions/A/SpeechRecognition
0x00007fff26ebc000 	/System/Library/PrivateFrameworks/CoreUI.framework/Versions/A/CoreUI
0x00007fff21b29000 	/System/Library/Frameworks/CoreAudio.framework/Versions/A/CoreAudio
0x00007fff26501000 	/System/Library/Frameworks/DiskArbitration.framework/Versions/A/DiskArbitration
0x00007fff2ba5a000 	/System/Library/PrivateFrameworks/MultitouchSupport.framework/Versions/A/MultitouchSupport
0x00007fff2be42000 	/System/Library/PrivateFrameworks/InternationalSupport.framework/Versions/A/InternationalSupport
0x00007fff24b08000 	/usr/lib/libenergytrace.dylib
0x00007fff22aee000 	/System/Library/Frameworks/IOKit.framework/Versions/A/IOKit
0x00007fff2ff0e000 	/System/Library/Frameworks/CoreServices.framework/Versions/A/CoreServices
0x00007fff270ea000 	/System/Library/PrivateFrameworks/PerformanceAnalysis.framework/Versions/A/PerformanceAnalysis
0x00007fff6c877000 	/System/Library/Frameworks/OpenGL.framework/Versions/A/OpenGL
0x00007fff2bec7000 	/System/Library/PrivateFrameworks/UserActivity.framework/Versions/A/UserActivity
0x00007fff2558f000 	/System/Library/Frameworks/ColorSync.framework/Versions/A/ColorSync
0x00007fff28be7000 	/System/Library/Frameworks/CoreImage.framework/Versions/A/CoreImage
0x00007fff21940000 	/System/Library/Frameworks/CoreText.framework/Versions/A/CoreText
0x00007fff289ac000 	/System/Library/Frameworks/ImageIO.framework/Versions/A/ImageIO
0x00007fff2a525000 	/System/Library/PrivateFrameworks/SoftLinking.framework/Versions/A/SoftLinking
0x00007fff271a0000 	/usr/lib/libxml2.2.dylib
0x00007fff20279000 	/usr/lib/libc++.1.dylib
0x00007fff2a797000 	/usr/lib/libcompression.dylib
0x00007fff24b09000 	/usr/lib/libMobileGestalt.dylib
0x00007fff2bd75000 	/System/Library/PrivateFrameworks/TextureIO.framework/Versions/A/TextureIO
0x00007fff2adbd000 	/usr/lib/libate.dylib
0x00007fff2a519000 	/usr/lib/system/libcache.dylib
0x00007fff2a4d5000 	/usr/lib/system/libcommonCrypto.dylib
0x00007fff2a4ff000 	/usr/lib/system/libcompiler_rt.dylib
0x00007fff2a4f4000 	/usr/lib/system/libcopyfile.dylib
0x00007fff200a2000 	/usr/lib/system/libcorecrypto.dylib
0x00007fff2016f000 	/usr/lib/system/libdispatch.dylib
0x00007fff20323000 	/usr/lib/system/libdyld.dylib
0x00007fff2a510000 	/usr/lib/system/libkeymgr.dylib
0x00007fff2d958000 	/usr/lib/system/liblaunch.dylib
0x00007fff2a4b3000 	/usr/lib/system/libmacho.dylib
0x00007fff29ccd000 	/usr/lib/system/libquarantine.dylib
0x00007fff2a50d000 	/usr/lib/system/libremovefile.dylib
0x00007fff24b65000 	/usr/lib/system/libsystem_asl.dylib
0x00007fff20052000 	/usr/lib/system/libsystem_blocks.dylib
0x00007fff201f0000 	/usr/lib/system/libsystem_c.dylib
0x00007fff2a507000 	/usr/lib/system/libsystem_collections.dylib
0x00007fff28fc1000 	/usr/lib/system/libsystem_configuration.dylib
0x00007fff282b4000 	/usr/lib/system/libsystem_containermanager.dylib
0x00007fff2a24f000 	/usr/lib/system/libsystem_coreservices.dylib
0x00007fff22782000 	/usr/lib/system/libsystem_darwin.dylib
0x00007fff2a511000 	/usr/lib/system/libsystem_dnssd.dylib
0x00007fff201ed000 	/usr/lib/system/libsystem_featureflags.dylib
0x00007fff20368000 	/usr/lib/system/libsystem_info.dylib
0x00007fff2a46a000 	/usr/lib/system/libsystem_m.dylib
0x00007fff20142000 	/usr/lib/system/libsystem_malloc.dylib
0x00007fff24af9000 	/usr/lib/system/libsystem_networkextension.dylib
0x00007fff22b9d000 	/usr/lib/system/libsystem_notify.dylib
0x00007fff2fe0c000 	/usr/lib/system/libsystem_product_info_filter.dylib
0x00007fff28fc5000 	/usr/lib/system/libsystem_sandbox.dylib
0x00007fff2a50a000 	/usr/lib/system/libsystem_secinit.dylib
0x00007fff202e8000 	/usr/lib/system/libsystem_kernel.dylib
0x00007fff2035e000 	/usr/lib/system/libsystem_platform.dylib
0x00007fff20317000 	/usr/lib/system/libsystem_pthread.dylib
0x00007fff26264000 	/usr/lib/system/libsystem_symptoms.dylib
0x00007fff2008a000 	/usr/lib/system/libsystem_trace.dylib
0x00007fff2a4e1000 	/usr/lib/system/libunwind.dylib
0x00007fff20054000 	/usr/lib/system/libxpc.dylib
0x00007fff202cf000 	/usr/lib/libc++abi.dylib
0x00007fff2a4ec000 	/usr/lib/liboah.dylib
0x00007fff2aba2000 	/usr/lib/liblzma.5.dylib
0x00007fff20e55000 	/System/Library/Frameworks/SystemConfiguration.framework/Versions/A/SystemConfiguration
0x00007fff2a521000 	/usr/lib/libfakelink.dylib
0x00007fff2465b000 	/System/Library/Frameworks/CFNetwork.framework/Versions/A/CFNetwork
0x00007fff2a661000 	/usr/lib/libarchive.2.dylib
0x00007fff20ed3000 	/usr/lib/libCRFSuite.dylib
0x00007fff29cf4000 	/usr/lib/libbsm.0.dylib
0x00007fff24017000 	/usr/lib/libnetwork.dylib
0x00007fff2a526000 	/usr/lib/libpcap.A.dylib
0x00007fff2625d000 	/usr/lib/libdns_services.dylib
0x00007fff2abbb000 	/usr/lib/libcoretls_cfhelpers.dylib
0x00007fff2a765000 	/usr/lib/libapple_nghttp2.dylib
0x00007fff2a4b9000 	/usr/lib/system/libkxld.dylib
0x00007fff25ec3000 	/usr/lib/libsqlite3.dylib
0x00007fff2a231000 	/System/Library/PrivateFrameworks/AppleFSCompression.framework/Versions/A/AppleFSCompression
0x00007fff29cdc000 	/usr/lib/libcoretls.dylib
0x00007fff2a792000 	/usr/lib/libpam.2.dylib
0x00007fff2acb8000 	/usr/lib/libxar.1.dylib
0x00007fff28fcc000 	/System/Library/PrivateFrameworks/AppleSystemInfo.framework/Versions/A/AppleSystemInfo
0x00007fff2991f000 	/System/Library/PrivateFrameworks/IOMobileFramebuffer.framework/Versions/A/IOMobileFramebuffer
0x00007fff2a241000 	/usr/lib/libbz2.1.0.dylib
0x00007fff2a55e000 	/usr/lib/libiconv.2.dylib
0x00007fff2a4b2000 	/usr/lib/libcharset.1.dylib
0x00007fff27126000 	/System/Library/Frameworks/CoreServices.framework/Versions/A/Frameworks/FSEvents.framework/Versions/A/FSEvents
0x00007fff2278c000 	/System/Library/Frameworks/CoreServices.framework/Versions/A/Frameworks/CarbonCore.framework/Versions/A/CarbonCore
0x00007fff26466000 	/System/Library/Frameworks/CoreServices.framework/Versions/A/Frameworks/Metadata.framework/Versions/A/Metadata
0x00007fff2a254000 	/System/Library/Frameworks/CoreServices.framework/Versions/A/Frameworks/OSServices.framework/Versions/A/OSServices
0x00007fff2a6d3000 	/System/Library/Frameworks/CoreServices.framework/Versions/A/Frameworks/SearchKit.framework/Versions/A/SearchKit
0x00007fff261e7000 	/System/Library/Frameworks/CoreServices.framework/Versions/A/Frameworks/AE.framework/Versions/A/AE
0x00007fff20830000 	/System/Library/Frameworks/CoreServices.framework/Versions/A/Frameworks/LaunchServices.framework/Versions/A/LaunchServices
0x00007fff2ab53000 	/System/Library/Frameworks/CoreServices.framework/Versions/A/Frameworks/DictionaryServices.framework/Versions/A/DictionaryServices
0x00007fff2712f000 	/System/Library/Frameworks/CoreServices.framework/Versions/A/Frameworks/SharedFileList.framework/Versions/A/SharedFileList
0x00007fff29cd0000 	/usr/lib/libCheckFix.dylib
0x00007fff24b7c000 	/System/Library/PrivateFrameworks/TCC.framework/Versions/A/TCC
0x00007fff28fd2000 	/System/Library/PrivateFrameworks/CoreNLP.framework/Versions/A/CoreNLP
0x00007fff26419000 	/System/Library/PrivateFrameworks/MetadataUtilities.framework/Versions/A/MetadataUtilities
0x00007fff20f09000 	/usr/lib/libmecabra.dylib
0x00007fff29fe3000 	/System/Library/Frameworks/MLCompute.framework/Versions/A/MLCompute
0x00007fff29d05000 	/usr/lib/libmecab.dylib
0x00007fff29d4f000 	/usr/lib/libgermantok.dylib
0x00007fff2a73b000 	/usr/lib/libThaiTokenizer.dylib
0x00007fff2acf3000 	/usr/lib/libChineseTokenizer.dylib
0x00007fff2a790000 	/System/Library/Frameworks/MetalPerformanceShaders.framework/Versions/A/MetalPerformanceShaders
0x00007fff26508000 	/System/Library/Frameworks/Accelerate.framework/Versions/A/Frameworks/vImage.framework/Versions/A/vImage
0x00007fff2fee7000 	/System/Library/Frameworks/Accelerate.framework/Versions/A/Frameworks/vecLib.framework/Versions/A/vecLib
0x00007fff2acfe000 	/System/Library/Frameworks/Accelerate.framework/Versions/A/Frameworks/vecLib.framework/Versions/A/libvMisc.dylib
0x00007fff29738000 	/System/Library/Frameworks/Accelerate.framework/Versions/A/Frameworks/vecLib.framework/Versions/A/libvDSP.dylib
0x00007fff20b34000 	/System/Library/Frameworks/Accelerate.framework/Versions/A/Frameworks/vecLib.framework/Versions/A/libBLAS.dylib
0x00007fff2a7b6000 	/System/Library/Frameworks/Accelerate.framework/Versions/A/Frameworks/vecLib.framework/Versions/A/libLAPACK.dylib
0x00007fff29d55000 	/System/Library/Frameworks/Accelerate.framework/Versions/A/Frameworks/vecLib.framework/Versions/A/libLinearAlgebra.dylib
0x00007fff2a77d000 	/System/Library/Frameworks/Accelerate.framework/Versions/A/Frameworks/vecLib.framework/Versions/A/libSparseBLAS.dylib
0x00007fff2a7b0000 	/System/Library/Frameworks/Accelerate.framework/Versions/A/Frameworks/vecLib.framework/Versions/A/libQuadrature.dylib
0x00007fff2907a000 	/System/Library/Frameworks/Accelerate.framework/Versions/A/Frameworks/vecLib.framework/Versions/A/libBNNS.dylib
0x00007fff20de6000 	/System/Library/Frameworks/Accelerate.framework/Versions/A/Frameworks/vecLib.framework/Versions/A/libSparse.dylib
0x00007fff28f65000 	/System/Library/Frameworks/MetalPerformanceShaders.framework/Versions/A/Frameworks/MPSCore.framework/Versions/A/MPSCore
0x00007fff2a1a0000 	/System/Library/Frameworks/MetalPerformanceShaders.framework/Versions/A/Frameworks/MPSImage.framework/Versions/A/MPSImage
0x00007fff29d6b000 	/System/Library/Frameworks/MetalPerformanceShaders.framework/Versions/A/Frameworks/MPSNeuralNetwork.framework/Versions/A/MPSNeuralNetwork
0x00007fff2a12b000 	/System/Library/Frameworks/MetalPerformanceShaders.framework/Versions/A/Frameworks/MPSMatrix.framework/Versions/A/MPSMatrix
0x00007fff29f93000 	/System/Library/Frameworks/MetalPerformanceShaders.framework/Versions/A/Frameworks/MPSRayIntersector.framework/Versions/A/MPSRayIntersector
0x00007fff2a162000 	/System/Library/Frameworks/MetalPerformanceShaders.framework/Versions/A/Frameworks/MPSNDArray.framework/Versions/A/MPSNDArray
0x00007fff20a60000 	/System/Library/PrivateFrameworks/MetalTools.framework/Versions/A/MetalTools
0x00007fff28fca000 	/System/Library/PrivateFrameworks/AggregateDictionary.framework/Versions/A/AggregateDictionary
0x00007fff263f1000 	/System/Library/PrivateFrameworks/CoreAnalytics.framework/Versions/A/CoreAnalytics
0x00007fff2a73d000 	/System/Library/PrivateFrameworks/AppleSauce.framework/Versions/A/AppleSauce
0x00007fff282d7000 	/System/Library/PrivateFrameworks/IOAccelerator.framework/Versions/A/IOAccelerator
0x00007fff6c86b000 	/System/Library/Frameworks/OpenGL.framework/Versions/A/Libraries/libCoreFSCache.dylib
0x00007fff214a5000 	/System/Library/PrivateFrameworks/LanguageModeling.framework/Versions/A/LanguageModeling
0x00007fff2990c000 	/System/Library/PrivateFrameworks/CoreEmoji.framework/Versions/A/CoreEmoji
0x00007fff29073000 	/System/Library/PrivateFrameworks/LinguisticData.framework/Versions/A/LinguisticData
0x00007fff20d98000 	/System/Library/PrivateFrameworks/Lexicon.framework/Versions/A/Lexicon
0x00007fff2a64f000 	/usr/lib/libcmph.dylib
0x00007fff27106000 	/System/Library/Frameworks/OpenDirectory.framework/Versions/A/Frameworks/CFOpenDirectory.framework/Versions/A/CFOpenDirectory
0x00007fff270f6000 	/System/Library/Frameworks/OpenDirectory.framework/Versions/A/OpenDirectory
0x00007fff2abbd000 	/System/Library/PrivateFrameworks/APFS.framework/Versions/A/APFS
0x00007fff29c31000 	/System/Library/Frameworks/SecurityFoundation.framework/Versions/A/SecurityFoundation
0x00007fff2acc6000 	/usr/lib/libutil.dylib
0x00007fff22ab3000 	/System/Library/PrivateFrameworks/CoreServicesStore.framework/Versions/A/CoreServicesStore
0x00007fff29cc8000 	/System/Library/Frameworks/ServiceManagement.framework/Versions/A/ServiceManagement
0x00007fff2acca000 	/usr/lib/libxslt.1.dylib
0x00007fff29cbe000 	/System/Library/PrivateFrameworks/BackgroundTaskManagement.framework/Versions/A/BackgroundTaskManagement
0x00007fff2bcbf000 	/System/Library/Frameworks/ImageIO.framework/Versions/A/Resources/libRadiance.dylib
0x00007fff2bcc9000 	/System/Library/Frameworks/ImageIO.framework/Versions/A/Resources/libJPEG.dylib
0x00007fff2bc14000 	/System/Library/Frameworks/ImageIO.framework/Versions/A/Resources/libPng.dylib
0x00007fff2bc3b000 	/System/Library/Frameworks/ImageIO.framework/Versions/A/Resources/libTIFF.dylib
0x00007fff2bd1e000 	/System/Library/Frameworks/ImageIO.framework/Versions/A/Resources/libGIF.dylib
0x00007fff2b977000 	/System/Library/Frameworks/ImageIO.framework/Versions/A/Resources/libJP2.dylib
0x00007fff2b061000 	/usr/lib/libexpat.1.dylib
0x00007fff2b92c000 	/System/Library/PrivateFrameworks/AppleJPEG.framework/Versions/A/AppleJPEG
0x00007fff2850d000 	/System/Library/PrivateFrameworks/FontServices.framework/libFontParser.dylib
0x00007fff2619b000 	/System/Library/PrivateFrameworks/RunningBoardServices.framework/Versions/A/RunningBoardServices
0x00007fff2ba56000 	/System/Library/PrivateFrameworks/WatchdogClient.framework/Versions/A/WatchdogClient
0x00007fff21592000 	/System/Library/Frameworks/CoreDisplay.framework/Versions/A/CoreDisplay
0x00007fff28423000 	/System/Library/Frameworks/CoreMedia.framework/Versions/A/CoreMedia
0x00007fff27283000 	/System/Library/Frameworks/CoreVideo.framework/Versions/A/CoreVideo
0x00007fff2ba8e000 	/System/Library/Frameworks/VideoToolbox.framework/Versions/A/VideoToolbox
0x00007fff26119000 	/System/Library/PrivateFrameworks/BaseBoard.framework/Versions/A/BaseBoard
0x00007fff2b1a6000 	/System/Library/PrivateFrameworks/PersistentConnection.framework/Versions/A/PersistentConnection
0x00007fff25eac000 	/System/Library/PrivateFrameworks/ProtocolBuffer.framework/Versions/A/ProtocolBuffer
0x00007fff26100000 	/System/Library/PrivateFrameworks/CommonUtilities.framework/Versions/A/CommonUtilities
0x00007fff2b8c1000 	/System/Library/PrivateFrameworks/Bom.framework/Versions/A/Bom
0x00007fff2bcb8000 	/System/Library/PrivateFrameworks/GPUWrangler.framework/Versions/A/GPUWrangler
0x00007fff2bc9b000 	/System/Library/PrivateFrameworks/IOPresentment.framework/Versions/A/IOPresentment
0x00007fff2bcc3000 	/System/Library/PrivateFrameworks/DSExternalDisplay.framework/Versions/A/DSExternalDisplay
0x00007fff2bd23000 	/System/Library/PrivateFrameworks/CMCaptureCore.framework/Versions/A/CMCaptureCore
0x00007fff2b646000 	/System/Library/PrivateFrameworks/AppServerSupport.framework/Versions/A/AppServerSupport
0x00007fff2d6f7000 	/System/Library/PrivateFrameworks/perfdata.framework/Versions/A/perfdata
0x00007fff29c20000 	/System/Library/PrivateFrameworks/AssertionServices.framework/Versions/A/AssertionServices
0x00007fff216c9000 	/System/Library/PrivateFrameworks/AudioToolboxCore.framework/Versions/A/AudioToolboxCore
0x00007fff28406000 	/System/Library/PrivateFrameworks/caulk.framework/Versions/A/caulk
0x00007fff3d3a2000 	/System/Library/PrivateFrameworks/SystemPolicy.framework/Versions/A/SystemPolicy
0x00007fff2ae56000 	/usr/lib/libIOReport.dylib
0x00007fff2cf19000 	/usr/lib/libSMC.dylib
0x00007fff2bbe1000 	/usr/lib/libAudioToolboxUtility.dylib
0x00007fff3dd0c000 	/usr/lib/libmis.dylib
0x00007fff6c8c7000 	/System/Library/Frameworks/OpenGL.framework/Versions/A/Libraries/libGLU.dylib
0x00007fff6c88a000 	/System/Library/Frameworks/OpenGL.framework/Versions/A/Libraries/libGFXShared.dylib
0x00007fff6ca99000 	/System/Library/Frameworks/OpenGL.framework/Versions/A/Libraries/libGL.dylib
0x00007fff6c893000 	/System/Library/Frameworks/OpenGL.framework/Versions/A/Libraries/libGLImage.dylib
0x00007fff6c887000 	/System/Library/Frameworks/OpenGL.framework/Versions/A/Libraries/libCVMSPluginSupport.dylib
0x00007fff6c872000 	/System/Library/Frameworks/OpenGL.framework/Versions/A/Libraries/libCoreVMClient.dylib
0x00007fff6deda000 	/System/Library/Frameworks/OpenCL.framework/Versions/A/OpenCL
0x00007fff2b1d0000 	/System/Library/PrivateFrameworks/GraphVisualizer.framework/Versions/A/GraphVisualizer
0x00007fff2b1df000 	/System/Library/PrivateFrameworks/FaceCore.framework/Versions/A/FaceCore
0x00007fff2b5fb000 	/System/Library/PrivateFrameworks/OTSVG.framework/Versions/A/OTSVG
0x00007fff26e7a000 	/System/Library/Frameworks/ApplicationServices.framework/Versions/A/Frameworks/ATS.framework/Versions/A/Resources/libFontRegistry.dylib
0x00007fff2b64d000 	/System/Library/PrivateFrameworks/FontServices.framework/libhvf.dylib
0x00007fff2b00d000 	/System/Library/PrivateFrameworks/AppleVA.framework/Versions/A/AppleVA
0x00007fff2cd62000 	/System/Library/Frameworks/ApplicationServices.framework/Versions/A/Frameworks/ATS.framework/Versions/A/ATS
0x00007fff2d074000 	/System/Library/Frameworks/ApplicationServices.framework/Versions/A/Frameworks/ColorSyncLegacy.framework/Versions/A/ColorSyncLegacy
0x00007fff25686000 	/System/Library/Frameworks/ApplicationServices.framework/Versions/A/Frameworks/HIServices.framework/Versions/A/HIServices
0x00007fff2d059000 	/System/Library/Frameworks/ApplicationServices.framework/Versions/A/Frameworks/LangAnalysis.framework/Versions/A/LangAnalysis
0x00007fff2bd2d000 	/System/Library/Frameworks/ApplicationServices.framework/Versions/A/Frameworks/PrintCore.framework/Versions/A/PrintCore
0x00007fff2d07c000 	/System/Library/Frameworks/ApplicationServices.framework/Versions/A/Frameworks/QD.framework/Versions/A/QD
0x00007fff2cd52000 	/System/Library/Frameworks/ApplicationServices.framework/Versions/A/Frameworks/SpeechSynthesis.framework/Versions/A/SpeechSynthesis
0x00007fff2bcee000 	/System/Library/Frameworks/ApplicationServices.framework/Versions/A/Frameworks/ATSUI.framework/Versions/A/ATSUI
0x00007fff2cff9000 	/usr/lib/libcups.2.dylib
0x00007fff2d069000 	/System/Library/PrivateFrameworks/NetAuth.framework/Versions/A/NetAuth
0x00007fff2d713000 	/System/Library/Frameworks/Kerberos.framework/Versions/A/Kerberos
0x00007fff2d723000 	/System/Library/Frameworks/GSS.framework/Versions/A/GSS
0x00007fff2cdce000 	/usr/lib/libresolv.9.dylib
0x00007fff2b662000 	/System/Library/PrivateFrameworks/Heimdal.framework/Versions/A/Heimdal
0x00007fff334a7000 	/System/Library/Frameworks/Kerberos.framework/Versions/A/Libraries/libHeimdalProxy.dylib
0x00007fff2626c000 	/System/Library/Frameworks/Network.framework/Versions/A/Network
0x00007fff2b07b000 	/usr/lib/libheimdal-asn1.dylib
0x00007fff2d773000 	/System/Library/PrivateFrameworks/CommonAuth.framework/Versions/A/CommonAuth
0x00007fff272d0000 	/System/Library/PrivateFrameworks/login.framework/Versions/A/Frameworks/loginsupport.framework/Versions/A/loginsupport
0x00007fff2ccd7000 	/System/Library/PrivateFrameworks/AudioSession.framework/Versions/A/AudioSession
0x00007fff2cd3f000 	/usr/lib/libAudioStatistics.dylib
0x00007fff2b108000 	/System/Library/PrivateFrameworks/MediaExperience.framework/Versions/A/MediaExperience
0x00007fff2cb74000 	/System/Library/PrivateFrameworks/AudioSession.framework/libSessionUtility.dylib
0x00007fff2d704000 	/usr/lib/libperfcheck.dylib
0x00007fff2d088000 	/System/Library/PrivateFrameworks/AudioResourceArbitration.framework/Versions/A/AudioResourceArbitration
0x00007fff2b085000 	/System/Library/PrivateFrameworks/IconFoundation.framework/Versions/A/IconFoundation
0x00007fff2fbb1000 	/System/Library/PrivateFrameworks/SpeechRecognitionCore.framework/Versions/A/SpeechRecognitionCore
0x0000000106000000 	/Applications/Android Studio.app/Contents/jre/jdk/Contents/Home/jre/lib/server/libjvm.dylib
0x00007fff787b3000 	/usr/lib/libstdc++.6.dylib
0x00000001038a2000 	/Applications/Android Studio.app/Contents/jre/jdk/Contents/Home/jre/lib/libverify.dylib
0x00000001038b4000 	/Applications/Android Studio.app/Contents/jre/jdk/Contents/Home/jre/lib/libjava.dylib
0x0000000103948000 	/Applications/Android Studio.app/Contents/jre/jdk/Contents/Home/jre/lib/libzip.dylib
0x0000000103f53000 	/Applications/Android Studio.app/Contents/jre/jdk/Contents/Home/jre/lib/libnio.dylib
0x0000000103f6e000 	/Applications/Android Studio.app/Contents/jre/jdk/Contents/Home/jre/lib/libnet.dylib
0x000000010cec0000 	/Users/enter/.gradle/native/30/osx-amd64/libnative-platform.dylib
0x000000010d20d000 	/Applications/Android Studio.app/Contents/jre/jdk/Contents/Home/jre/lib/libmanagement.dylib
0x0000000110658000 	/private/var/folders/xx/v2447q5d4w35rjgg3rwzn4jr0000gn/T/native-platform5954253650322841181dir/libnative-platform.dylib

VM Arguments:
jvm_args: -Xmx1536M -Dfile.encoding=UTF-8 -Duser.country=CA -Duser.language=en -Duser.variant 
java_command: org.gradle.launcher.daemon.bootstrap.GradleDaemon 5.6.2
java_class_path (initial): /Users/enter/.gradle/wrapper/dists/gradle-5.6.2-all/9st6wgf78h16so49nn74lgtbb/gradle-5.6.2/lib/gradle-launcher-5.6.2.jar
Launcher Type: SUN_STANDARD

Environment Variables:
JAVA_HOME=/Applications/Android Studio.app/Contents/jre/jdk/Contents/Home
PATH=/usr/local/bin:/usr/bin:/bin:/usr/sbin:/sbin:/Library/Apple/usr/bin:/Users/enter/Documents/FlutterSDK/bin
SHELL=/bin/zsh

Signal Handlers:
SIGSEGV: [libjvm.dylib+0x565c43], sa_mask[0]=11111111011111110111111111111111, sa_flags=SA_ONSTACK|SA_RESTART|SA_SIGINFO
SIGBUS: [libjvm.dylib+0x565c43], sa_mask[0]=11111111011111110111111111111111, sa_flags=SA_RESTART|SA_SIGINFO
SIGFPE: [libjvm.dylib+0x45dd9d], sa_mask[0]=11111111011111110111111111111111, sa_flags=SA_RESTART|SA_SIGINFO
SIGPIPE: [libjvm.dylib+0x45dd9d], sa_mask[0]=11111111011111110111111111111111, sa_flags=SA_RESTART|SA_SIGINFO
SIGXFSZ: [libjvm.dylib+0x45dd9d], sa_mask[0]=11111111011111110111111111111111, sa_flags=SA_RESTART|SA_SIGINFO
SIGILL: [libjvm.dylib+0x45dd9d], sa_mask[0]=11111111011111110111111111111111, sa_flags=SA_RESTART|SA_SIGINFO
SIGUSR1: SIG_DFL, sa_mask[0]=00000000000000000000000000000000, sa_flags=none
SIGUSR2: [libjvm.dylib+0x45e69c], sa_mask[0]=00100000000000000000010000000000, sa_flags=SA_RESTART|SA_SIGINFO
SIGHUP: [libjvm.dylib+0x45c8c1], sa_mask[0]=11111111011111110111111111111111, sa_flags=SA_RESTART|SA_SIGINFO
SIGINT: [libjvm.dylib+0x45c8c1], sa_mask[0]=11111111011111110111111111111111, sa_flags=SA_RESTART|SA_SIGINFO
SIGTERM: [libjvm.dylib+0x45c8c1], sa_mask[0]=11111111011111110111111111111111, sa_flags=SA_RESTART|SA_SIGINFO
SIGQUIT: [libjvm.dylib+0x45c8c1], sa_mask[0]=11111111011111110111111111111111, sa_flags=SA_RESTART|SA_SIGINFO


---------------  S Y S T E M  ---------------

OS:Bsduname:Darwin 20.3.0 Darwin Kernel Version 20.3.0: Thu Jan 21 00:07:06 PST 2021; root:xnu-7195.81.3~1/RELEASE_X86_64 x86_64
rlimit: STACK 8192k, CORE 0k, NPROC 1392, NOFILE 10240, AS infinity
load average:156.77 211.25 227.10

CPU:total 4 (initial active 4) (4 cores per cpu, 1 threads per core) family 6 model 158 stepping 10, cmov, cx8, fxsr, mmx, sse, sse2, sse3, ssse3, sse4.1, sse4.2, popcnt, avx, avx2, aes, clmul, erms, 3dnowpref, lzcnt, tsc, tscinvbit, bmi1, bmi2, adx

Memory: 4k page, physical 8388608k(59072k free)

/proc/meminfo:


vm_info: OpenJDK 64-Bit Server VM (25.242-b3-6915495) for bsd-amd64 JRE (1.8.0_242-release-1644-b3-6915495), built by "android-build" with gcc 4.2.1 Compatible Android (5484270 based on r353983c) Clang 9.0.3 (https://android.googlesource.com/toolchain/clang 745b335211bb9eadfa6aa6301f84715cee4b37c5) (https://android.googlesource.com/toolchain/llvm 60cf23e54e46c807513f7a36d0a7b777920b5881)

time: Tue Mar  2 11:37:51 2021
timezone: PST
elapsed time: 4950 seconds (0d 1h 22m 30s)

